10/16/2014 11:38:48 Trace --------------------------------------------------------------------------------
10/16/2014 11:38:48 Trace Авторизация прошла успешно
10/16/2014 11:38:50 Trace Сканирование началось; ThreadID = 6
10/16/2014 11:38:58 Error MySql.Data.MySqlClient.MySqlException (0x80004005): You have an error in your SQL syntax; check the manual that corresponds to your MySQL server version for the right syntax to use near 'поножи (старое) AND buyedOut = 1 AND pricePerItem <> "" AND TO_DAYS(' at line 1
   в MySql.Data.MySqlClient.MySqlStream.ReadPacket()
   в MySql.Data.MySqlClient.NativeDriver.GetResult(Int32& affectedRow, Int64& insertedId)
   в MySql.Data.MySqlClient.Driver.GetResult(Int32 statementId, Int32& affectedRows, Int64& insertedId)
   в MySql.Data.MySqlClient.Driver.NextResult(Int32 statementId, Boolean force)
   в MySql.Data.MySqlClient.MySqlDataReader.NextResult()
   в MySql.Data.MySqlClient.MySqlCommand.ExecuteReader(CommandBehavior behavior)
   в MySql.Data.MySqlClient.MySqlCommand.ExecuteReader()
   в DAA.Statistics.collectStatistics() в d:\Programming\Projects\VSC#Projects\DAA\DAA\Statistics.cs:строка 67 count=0
10/16/2014 11:39:50 Trace Сканирование началось; ThreadID = 8
10/16/2014 11:41:03 Trace Сканирование началось; ThreadID = 9
10/16/2014 11:41:12 Trace --------------------------------------------------------------------------------
10/16/2014 11:41:12 Trace Авторизация прошла успешно
10/16/2014 11:41:14 Trace Сканирование началось; ThreadID = 13
10/16/2014 11:43:02 Trace --------------------------------------------------------------------------------
10/16/2014 11:43:02 Trace Авторизация прошла успешно
10/16/2014 11:43:03 Trace Сканирование началось; ThreadID = 15
10/16/2014 11:44:21 Trace --------------------------------------------------------------------------------
10/16/2014 11:44:21 Trace Авторизация прошла успешно
10/16/2014 11:44:23 Trace Сканирование началось; ThreadID = 14
10/16/2014 11:44:33 Error MySql.Data.MySqlClient.MySqlException (0x80004005): Unknown column 'pricePerItem' in 'field list'
   в MySql.Data.MySqlClient.MySqlStream.ReadPacket()
   в MySql.Data.MySqlClient.NativeDriver.GetResult(Int32& affectedRow, Int64& insertedId)
   в MySql.Data.MySqlClient.Driver.GetResult(Int32 statementId, Int32& affectedRows, Int64& insertedId)
   в MySql.Data.MySqlClient.Driver.NextResult(Int32 statementId, Boolean force)
   в MySql.Data.MySqlClient.MySqlDataReader.NextResult()
   в MySql.Data.MySqlClient.MySqlCommand.ExecuteReader(CommandBehavior behavior)
   в MySql.Data.MySqlClient.MySqlCommand.ExecuteReader()
   в DAA.Statistics.collectStatistics() в d:\Programming\Projects\VSC#Projects\DAA\DAA\Statistics.cs:строка 67 count=0
10/16/2014 11:45:25 Trace --------------------------------------------------------------------------------
10/16/2014 11:45:25 Trace Авторизация прошла успешно
10/16/2014 11:45:26 Trace Сканирование началось; ThreadID = 14
10/16/2014 11:45:35 Error MySql.Data.MySqlClient.MySqlException (0x80004005): Unknown column 'pricePerItem' in 'field list'
   в MySql.Data.MySqlClient.MySqlStream.ReadPacket()
   в MySql.Data.MySqlClient.NativeDriver.GetResult(Int32& affectedRow, Int64& insertedId)
   в MySql.Data.MySqlClient.Driver.GetResult(Int32 statementId, Int32& affectedRows, Int64& insertedId)
   в MySql.Data.MySqlClient.Driver.NextResult(Int32 statementId, Boolean force)
   в MySql.Data.MySqlClient.MySqlDataReader.NextResult()
   в MySql.Data.MySqlClient.MySqlCommand.ExecuteReader(CommandBehavior behavior)
   в MySql.Data.MySqlClient.MySqlCommand.ExecuteReader()
   в DAA.Statistics.collectStatistics() в d:\Programming\Projects\VSC#Projects\DAA\DAA\Statistics.cs:строка 67 count=0
10/16/2014 11:46:03 Trace --------------------------------------------------------------------------------
10/16/2014 11:46:03 Trace Авторизация прошла успешно
10/16/2014 11:46:03 Trace Сканирование началось; ThreadID = 14
10/16/2014 11:46:09 Error System.DivideByZeroException: Попытка деления на нуль.
   в DAA.Statistics.collectStatistics() в d:\Programming\Projects\VSC#Projects\DAA\DAA\Statistics.cs:строка 83 count=0
10/16/2014 11:50:07 Trace --------------------------------------------------------------------------------
10/16/2014 11:50:07 Trace Авторизация прошла успешно
10/16/2014 11:50:07 Trace Сканирование началось; ThreadID = 13
10/16/2014 11:50:17 Error MySql.Data.MySqlClient.MySqlException (0x80004005): There is already an open DataReader associated with this Connection which must be closed first.
   в MySql.Data.MySqlClient.ExceptionInterceptor.Throw(Exception exception)
   в MySql.Data.MySqlClient.MySqlConnection.Throw(Exception ex)
   в MySql.Data.MySqlClient.MySqlCommand.CheckState()
   в MySql.Data.MySqlClient.MySqlCommand.ExecuteReader(CommandBehavior behavior)
   в MySql.Data.MySqlClient.MySqlCommand.ExecuteReader()
   в DAA.Statistics.collectStatistics() в d:\Programming\Projects\VSC#Projects\DAA\DAA\Statistics.cs:строка 68 count=0
10/16/2014 11:50:44 Trace --------------------------------------------------------------------------------
10/16/2014 11:50:44 Trace Авторизация прошла успешно
10/16/2014 11:50:45 Trace Сканирование началось; ThreadID = 14
10/16/2014 11:52:12 Trace --------------------------------------------------------------------------------
10/16/2014 11:52:12 Trace Авторизация прошла успешно
10/16/2014 11:52:14 Trace Сканирование началось; ThreadID = 14
10/16/2014 11:53:22 Trace --------------------------------------------------------------------------------
10/16/2014 11:53:22 Trace Авторизация прошла успешно
10/16/2014 11:53:23 Trace Сканирование началось; ThreadID = 14
10/16/2014 11:53:23 Error MySql.Data.MySqlClient.MySqlException (0x80004005): There is already an open DataReader associated with this Connection which must be closed first.
   в MySql.Data.MySqlClient.ExceptionInterceptor.Throw(Exception exception)
   в MySql.Data.MySqlClient.MySqlConnection.Throw(Exception ex)
   в MySql.Data.MySqlClient.MySqlCommand.CheckState()
   в MySql.Data.MySqlClient.MySqlCommand.ExecuteReader(CommandBehavior behavior)
   в MySql.Data.MySqlClient.MySqlCommand.ExecuteReader()
   в DAA.Statistics.collectStatistics() в d:\Programming\Projects\VSC#Projects\DAA\DAA\Statistics.cs:строка 68 count=0
10/16/2014 11:54:23 Trace Сканирование началось; ThreadID = 16
10/16/2014 11:55:25 Trace --------------------------------------------------------------------------------
10/16/2014 11:55:25 Trace Авторизация прошла успешно
10/16/2014 11:55:26 Trace Сканирование началось; ThreadID = 14
10/16/2014 11:55:27 Error MySql.Data.MySqlClient.MySqlException (0x80004005): Unknown column 'minPrice' in 'field list'
   в MySql.Data.MySqlClient.MySqlStream.ReadPacket()
   в MySql.Data.MySqlClient.NativeDriver.GetResult(Int32& affectedRow, Int64& insertedId)
   в MySql.Data.MySqlClient.Driver.GetResult(Int32 statementId, Int32& affectedRows, Int64& insertedId)
   в MySql.Data.MySqlClient.Driver.NextResult(Int32 statementId, Boolean force)
   в MySql.Data.MySqlClient.MySqlDataReader.NextResult()
   в MySql.Data.MySqlClient.MySqlCommand.ExecuteReader(CommandBehavior behavior)
   в MySql.Data.MySqlClient.MySqlCommand.ExecuteNonQuery()
   в DAA.Statistics.collectStatistics() в d:\Programming\Projects\VSC#Projects\DAA\DAA\Statistics.cs:строка 93 count=287
10/16/2014 11:56:38 Trace --------------------------------------------------------------------------------
10/16/2014 11:56:38 Trace Авторизация прошла успешно
10/16/2014 11:56:39 Trace Сканирование началось; ThreadID = 14
10/16/2014 11:58:23 Trace --------------------------------------------------------------------------------
10/16/2014 11:58:23 Trace Авторизация прошла успешно
10/16/2014 11:58:24 Trace Сканирование началось; ThreadID = 13
10/16/2014 12:08:46 Trace --------------------------------------------------------------------------------
10/16/2014 12:08:46 Trace Авторизация прошла успешно
10/16/2014 12:08:47 Trace Сканирование началось; ThreadID = 12
10/16/2014 12:08:59 Trace --------------------------------------------------------------------------------
10/16/2014 12:08:59 Trace Авторизация прошла успешно
10/16/2014 12:09:00 Trace Сканирование началось; ThreadID = 14
10/16/2014 12:10:00 Trace Сканирование началось; ThreadID = 16
10/16/2014 12:11:00 Trace Сканирование началось; ThreadID = 17
10/16/2014 12:12:00 Trace Сканирование началось; ThreadID = 7
10/16/2014 17:19:50 Trace Предметы получены
10/16/2014 17:39:21 Trace Сканирование началось; ThreadID = 9
10/16/2014 17:39:26 Error MySql.Data.MySqlClient.MySqlException (0x80004005): You have an error in your SQL syntax; check the manual that corresponds to your MySQL server version for the right syntax to use near 'Дельвайса' AND buyedOut = '1' AND pricePerPiece <> '' AND TO_DAYS(NOW()' at line 1
   в MySql.Data.MySqlClient.MySqlStream.ReadPacket()
   в MySql.Data.MySqlClient.NativeDriver.GetResult(Int32& affectedRow, Int64& insertedId)
   в MySql.Data.MySqlClient.Driver.GetResult(Int32 statementId, Int32& affectedRows, Int64& insertedId)
   в MySql.Data.MySqlClient.Driver.NextResult(Int32 statementId, Boolean force)
   в MySql.Data.MySqlClient.MySqlDataReader.NextResult()
   в MySql.Data.MySqlClient.MySqlCommand.ExecuteReader(CommandBehavior behavior)
   в MySql.Data.MySqlClient.MySqlCommand.ExecuteReader()
   в DAA.Statistics.collectStatistics() в d:\Programming\Projects\VSC#Projects\DAA\DAA\Statistics.cs:строка 68 count=0
10/16/2014 17:39:30 Error You have an error in your SQL syntax; check the manual that corresponds to your MySQL server version for the right syntax to use near 'ON DUPLICATE KEY UPDATE itemBid = VALUES(itemBid), lastUpdateTime = VALUES(lastU' at line 1    в MySql.Data.MySqlClient.MySqlStream.ReadPacket()
   в MySql.Data.MySqlClient.NativeDriver.GetResult(Int32& affectedRow, Int64& insertedId)
   в MySql.Data.MySqlClient.Driver.GetResult(Int32 statementId, Int32& affectedRows, Int64& insertedId)
   в MySql.Data.MySqlClient.Driver.NextResult(Int32 statementId, Boolean force)
   в MySql.Data.MySqlClient.MySqlDataReader.NextResult()
   в MySql.Data.MySqlClient.MySqlCommand.ExecuteReader(CommandBehavior behavior)
   в MySql.Data.MySqlClient.MySqlCommand.ExecuteNonQuery()
   в DAA.DwarAPI.scanItems() в d:\Programming\Projects\VSC#Projects\DAA\DAA\dwarAPI.cs:строка 292 9
10/16/2014 17:40:21 Trace Сканирование началось; ThreadID = 5
10/16/2014 17:40:31 Error You have an error in your SQL syntax; check the manual that corresponds to your MySQL server version for the right syntax to use near 'ON DUPLICATE KEY UPDATE itemBid = VALUES(itemBid), lastUpdateTime = VALUES(lastU' at line 1    в MySql.Data.MySqlClient.MySqlStream.ReadPacket()
   в MySql.Data.MySqlClient.NativeDriver.GetResult(Int32& affectedRow, Int64& insertedId)
   в MySql.Data.MySqlClient.Driver.GetResult(Int32 statementId, Int32& affectedRows, Int64& insertedId)
   в MySql.Data.MySqlClient.Driver.NextResult(Int32 statementId, Boolean force)
   в MySql.Data.MySqlClient.MySqlDataReader.NextResult()
   в MySql.Data.MySqlClient.MySqlCommand.ExecuteReader(CommandBehavior behavior)
   в MySql.Data.MySqlClient.MySqlCommand.ExecuteNonQuery()
   в DAA.DwarAPI.scanItems() в d:\Programming\Projects\VSC#Projects\DAA\DAA\dwarAPI.cs:строка 292 5
10/16/2014 17:41:21 Trace Сканирование началось; ThreadID = 10
10/16/2014 17:41:31 Error You have an error in your SQL syntax; check the manual that corresponds to your MySQL server version for the right syntax to use near 'ON DUPLICATE KEY UPDATE itemBid = VALUES(itemBid), lastUpdateTime = VALUES(lastU' at line 1    в MySql.Data.MySqlClient.MySqlStream.ReadPacket()
   в MySql.Data.MySqlClient.NativeDriver.GetResult(Int32& affectedRow, Int64& insertedId)
   в MySql.Data.MySqlClient.Driver.GetResult(Int32 statementId, Int32& affectedRows, Int64& insertedId)
   в MySql.Data.MySqlClient.Driver.NextResult(Int32 statementId, Boolean force)
   в MySql.Data.MySqlClient.MySqlDataReader.NextResult()
   в MySql.Data.MySqlClient.MySqlCommand.ExecuteReader(CommandBehavior behavior)
   в MySql.Data.MySqlClient.MySqlCommand.ExecuteNonQuery()
   в DAA.DwarAPI.scanItems() в d:\Programming\Projects\VSC#Projects\DAA\DAA\dwarAPI.cs:строка 292 10
10/16/2014 17:42:21 Trace Сканирование началось; ThreadID = 12
10/16/2014 17:42:30 Error You have an error in your SQL syntax; check the manual that corresponds to your MySQL server version for the right syntax to use near 'ON DUPLICATE KEY UPDATE itemBid = VALUES(itemBid), lastUpdateTime = VALUES(lastU' at line 1    в MySql.Data.MySqlClient.MySqlStream.ReadPacket()
   в MySql.Data.MySqlClient.NativeDriver.GetResult(Int32& affectedRow, Int64& insertedId)
   в MySql.Data.MySqlClient.Driver.GetResult(Int32 statementId, Int32& affectedRows, Int64& insertedId)
   в MySql.Data.MySqlClient.Driver.NextResult(Int32 statementId, Boolean force)
   в MySql.Data.MySqlClient.MySqlDataReader.NextResult()
   в MySql.Data.MySqlClient.MySqlCommand.ExecuteReader(CommandBehavior behavior)
   в MySql.Data.MySqlClient.MySqlCommand.ExecuteNonQuery()
   в DAA.DwarAPI.scanItems() в d:\Programming\Projects\VSC#Projects\DAA\DAA\dwarAPI.cs:строка 292 12
10/16/2014 17:43:21 Trace Сканирование началось; ThreadID = 3
10/16/2014 17:43:30 Error You have an error in your SQL syntax; check the manual that corresponds to your MySQL server version for the right syntax to use near 'ON DUPLICATE KEY UPDATE itemBid = VALUES(itemBid), lastUpdateTime = VALUES(lastU' at line 1    в MySql.Data.MySqlClient.MySqlStream.ReadPacket()
   в MySql.Data.MySqlClient.NativeDriver.GetResult(Int32& affectedRow, Int64& insertedId)
   в MySql.Data.MySqlClient.Driver.GetResult(Int32 statementId, Int32& affectedRows, Int64& insertedId)
   в MySql.Data.MySqlClient.Driver.NextResult(Int32 statementId, Boolean force)
   в MySql.Data.MySqlClient.MySqlDataReader.NextResult()
   в MySql.Data.MySqlClient.MySqlCommand.ExecuteReader(CommandBehavior behavior)
   в MySql.Data.MySqlClient.MySqlCommand.ExecuteNonQuery()
   в DAA.DwarAPI.scanItems() в d:\Programming\Projects\VSC#Projects\DAA\DAA\dwarAPI.cs:строка 292 3
10/16/2014 17:44:21 Trace Сканирование началось; ThreadID = 7
10/16/2014 17:44:30 Error You have an error in your SQL syntax; check the manual that corresponds to your MySQL server version for the right syntax to use near 'ON DUPLICATE KEY UPDATE itemBid = VALUES(itemBid), lastUpdateTime = VALUES(lastU' at line 1    в MySql.Data.MySqlClient.MySqlStream.ReadPacket()
   в MySql.Data.MySqlClient.NativeDriver.GetResult(Int32& affectedRow, Int64& insertedId)
   в MySql.Data.MySqlClient.Driver.GetResult(Int32 statementId, Int32& affectedRows, Int64& insertedId)
   в MySql.Data.MySqlClient.Driver.NextResult(Int32 statementId, Boolean force)
   в MySql.Data.MySqlClient.MySqlDataReader.NextResult()
   в MySql.Data.MySqlClient.MySqlCommand.ExecuteReader(CommandBehavior behavior)
   в MySql.Data.MySqlClient.MySqlCommand.ExecuteNonQuery()
   в DAA.DwarAPI.scanItems() в d:\Programming\Projects\VSC#Projects\DAA\DAA\dwarAPI.cs:строка 292 7
10/16/2014 17:45:21 Trace Сканирование началось; ThreadID = 13
10/16/2014 17:45:31 Error You have an error in your SQL syntax; check the manual that corresponds to your MySQL server version for the right syntax to use near 'ON DUPLICATE KEY UPDATE itemBid = VALUES(itemBid), lastUpdateTime = VALUES(lastU' at line 1    в MySql.Data.MySqlClient.MySqlStream.ReadPacket()
   в MySql.Data.MySqlClient.NativeDriver.GetResult(Int32& affectedRow, Int64& insertedId)
   в MySql.Data.MySqlClient.Driver.GetResult(Int32 statementId, Int32& affectedRows, Int64& insertedId)
   в MySql.Data.MySqlClient.Driver.NextResult(Int32 statementId, Boolean force)
   в MySql.Data.MySqlClient.MySqlDataReader.NextResult()
   в MySql.Data.MySqlClient.MySqlCommand.ExecuteReader(CommandBehavior behavior)
   в MySql.Data.MySqlClient.MySqlCommand.ExecuteNonQuery()
   в DAA.DwarAPI.scanItems() в d:\Programming\Projects\VSC#Projects\DAA\DAA\dwarAPI.cs:строка 292 13
10/16/2014 17:46:21 Trace Сканирование началось; ThreadID = 14
10/16/2014 17:46:31 Error You have an error in your SQL syntax; check the manual that corresponds to your MySQL server version for the right syntax to use near 'ON DUPLICATE KEY UPDATE itemBid = VALUES(itemBid), lastUpdateTime = VALUES(lastU' at line 1    в MySql.Data.MySqlClient.MySqlStream.ReadPacket()
   в MySql.Data.MySqlClient.NativeDriver.GetResult(Int32& affectedRow, Int64& insertedId)
   в MySql.Data.MySqlClient.Driver.GetResult(Int32 statementId, Int32& affectedRows, Int64& insertedId)
   в MySql.Data.MySqlClient.Driver.NextResult(Int32 statementId, Boolean force)
   в MySql.Data.MySqlClient.MySqlDataReader.NextResult()
   в MySql.Data.MySqlClient.MySqlCommand.ExecuteReader(CommandBehavior behavior)
   в MySql.Data.MySqlClient.MySqlCommand.ExecuteNonQuery()
   в DAA.DwarAPI.scanItems() в d:\Programming\Projects\VSC#Projects\DAA\DAA\dwarAPI.cs:строка 292 14
10/16/2014 17:47:21 Trace Сканирование началось; ThreadID = 15
10/16/2014 17:47:31 Error You have an error in your SQL syntax; check the manual that corresponds to your MySQL server version for the right syntax to use near 'ON DUPLICATE KEY UPDATE itemBid = VALUES(itemBid), lastUpdateTime = VALUES(lastU' at line 1    в MySql.Data.MySqlClient.MySqlStream.ReadPacket()
   в MySql.Data.MySqlClient.NativeDriver.GetResult(Int32& affectedRow, Int64& insertedId)
   в MySql.Data.MySqlClient.Driver.GetResult(Int32 statementId, Int32& affectedRows, Int64& insertedId)
   в MySql.Data.MySqlClient.Driver.NextResult(Int32 statementId, Boolean force)
   в MySql.Data.MySqlClient.MySqlDataReader.NextResult()
   в MySql.Data.MySqlClient.MySqlCommand.ExecuteReader(CommandBehavior behavior)
   в MySql.Data.MySqlClient.MySqlCommand.ExecuteNonQuery()
   в DAA.DwarAPI.scanItems() в d:\Programming\Projects\VSC#Projects\DAA\DAA\dwarAPI.cs:строка 292 15
10/16/2014 17:48:21 Trace Сканирование началось; ThreadID = 16
10/16/2014 17:48:30 Error You have an error in your SQL syntax; check the manual that corresponds to your MySQL server version for the right syntax to use near 'ON DUPLICATE KEY UPDATE itemBid = VALUES(itemBid), lastUpdateTime = VALUES(lastU' at line 1    в MySql.Data.MySqlClient.MySqlStream.ReadPacket()
   в MySql.Data.MySqlClient.NativeDriver.GetResult(Int32& affectedRow, Int64& insertedId)
   в MySql.Data.MySqlClient.Driver.GetResult(Int32 statementId, Int32& affectedRows, Int64& insertedId)
   в MySql.Data.MySqlClient.Driver.NextResult(Int32 statementId, Boolean force)
   в MySql.Data.MySqlClient.MySqlDataReader.NextResult()
   в MySql.Data.MySqlClient.MySqlCommand.ExecuteReader(CommandBehavior behavior)
   в MySql.Data.MySqlClient.MySqlCommand.ExecuteNonQuery()
   в DAA.DwarAPI.scanItems() в d:\Programming\Projects\VSC#Projects\DAA\DAA\dwarAPI.cs:строка 292 16
10/16/2014 17:49:21 Trace Сканирование началось; ThreadID = 17
10/16/2014 17:49:31 Error You have an error in your SQL syntax; check the manual that corresponds to your MySQL server version for the right syntax to use near 'ON DUPLICATE KEY UPDATE itemBid = VALUES(itemBid), lastUpdateTime = VALUES(lastU' at line 1    в MySql.Data.MySqlClient.MySqlStream.ReadPacket()
   в MySql.Data.MySqlClient.NativeDriver.GetResult(Int32& affectedRow, Int64& insertedId)
   в MySql.Data.MySqlClient.Driver.GetResult(Int32 statementId, Int32& affectedRows, Int64& insertedId)
   в MySql.Data.MySqlClient.Driver.NextResult(Int32 statementId, Boolean force)
   в MySql.Data.MySqlClient.MySqlDataReader.NextResult()
   в MySql.Data.MySqlClient.MySqlCommand.ExecuteReader(CommandBehavior behavior)
   в MySql.Data.MySqlClient.MySqlCommand.ExecuteNonQuery()
   в DAA.DwarAPI.scanItems() в d:\Programming\Projects\VSC#Projects\DAA\DAA\dwarAPI.cs:строка 292 17
10/16/2014 17:50:21 Trace Сканирование началось; ThreadID = 18
10/16/2014 17:50:24 Error You have an error in your SQL syntax; check the manual that corresponds to your MySQL server version for the right syntax to use near 'ON DUPLICATE KEY UPDATE itemBid = VALUES(itemBid), lastUpdateTime = VALUES(lastU' at line 1    в MySql.Data.MySqlClient.MySqlStream.ReadPacket()
   в MySql.Data.MySqlClient.NativeDriver.GetResult(Int32& affectedRow, Int64& insertedId)
   в MySql.Data.MySqlClient.Driver.GetResult(Int32 statementId, Int32& affectedRows, Int64& insertedId)
   в MySql.Data.MySqlClient.Driver.NextResult(Int32 statementId, Boolean force)
   в MySql.Data.MySqlClient.MySqlDataReader.NextResult()
   в MySql.Data.MySqlClient.MySqlCommand.ExecuteReader(CommandBehavior behavior)
   в MySql.Data.MySqlClient.MySqlCommand.ExecuteNonQuery()
   в DAA.DwarAPI.scanItems() в d:\Programming\Projects\VSC#Projects\DAA\DAA\dwarAPI.cs:строка 292 18
10/16/2014 17:51:21 Trace Сканирование началось; ThreadID = 19
10/16/2014 17:51:25 Error You have an error in your SQL syntax; check the manual that corresponds to your MySQL server version for the right syntax to use near 'ON DUPLICATE KEY UPDATE itemBid = VALUES(itemBid), lastUpdateTime = VALUES(lastU' at line 1    в MySql.Data.MySqlClient.MySqlStream.ReadPacket()
   в MySql.Data.MySqlClient.NativeDriver.GetResult(Int32& affectedRow, Int64& insertedId)
   в MySql.Data.MySqlClient.Driver.GetResult(Int32 statementId, Int32& affectedRows, Int64& insertedId)
   в MySql.Data.MySqlClient.Driver.NextResult(Int32 statementId, Boolean force)
   в MySql.Data.MySqlClient.MySqlDataReader.NextResult()
   в MySql.Data.MySqlClient.MySqlCommand.ExecuteReader(CommandBehavior behavior)
   в MySql.Data.MySqlClient.MySqlCommand.ExecuteNonQuery()
   в DAA.DwarAPI.scanItems() в d:\Programming\Projects\VSC#Projects\DAA\DAA\dwarAPI.cs:строка 292 19
10/16/2014 17:52:21 Trace Сканирование началось; ThreadID = 20
10/16/2014 17:52:25 Error You have an error in your SQL syntax; check the manual that corresponds to your MySQL server version for the right syntax to use near 'ON DUPLICATE KEY UPDATE itemBid = VALUES(itemBid), lastUpdateTime = VALUES(lastU' at line 1    в MySql.Data.MySqlClient.MySqlStream.ReadPacket()
   в MySql.Data.MySqlClient.NativeDriver.GetResult(Int32& affectedRow, Int64& insertedId)
   в MySql.Data.MySqlClient.Driver.GetResult(Int32 statementId, Int32& affectedRows, Int64& insertedId)
   в MySql.Data.MySqlClient.Driver.NextResult(Int32 statementId, Boolean force)
   в MySql.Data.MySqlClient.MySqlDataReader.NextResult()
   в MySql.Data.MySqlClient.MySqlCommand.ExecuteReader(CommandBehavior behavior)
   в MySql.Data.MySqlClient.MySqlCommand.ExecuteNonQuery()
   в DAA.DwarAPI.scanItems() в d:\Programming\Projects\VSC#Projects\DAA\DAA\dwarAPI.cs:строка 292 20
10/16/2014 17:53:21 Trace Сканирование началось; ThreadID = 21
10/16/2014 17:53:24 Error You have an error in your SQL syntax; check the manual that corresponds to your MySQL server version for the right syntax to use near 'ON DUPLICATE KEY UPDATE itemBid = VALUES(itemBid), lastUpdateTime = VALUES(lastU' at line 1    в MySql.Data.MySqlClient.MySqlStream.ReadPacket()
   в MySql.Data.MySqlClient.NativeDriver.GetResult(Int32& affectedRow, Int64& insertedId)
   в MySql.Data.MySqlClient.Driver.GetResult(Int32 statementId, Int32& affectedRows, Int64& insertedId)
   в MySql.Data.MySqlClient.Driver.NextResult(Int32 statementId, Boolean force)
   в MySql.Data.MySqlClient.MySqlDataReader.NextResult()
   в MySql.Data.MySqlClient.MySqlCommand.ExecuteReader(CommandBehavior behavior)
   в MySql.Data.MySqlClient.MySqlCommand.ExecuteNonQuery()
   в DAA.DwarAPI.scanItems() в d:\Programming\Projects\VSC#Projects\DAA\DAA\dwarAPI.cs:строка 292 21
10/16/2014 17:54:21 Trace Сканирование началось; ThreadID = 22
10/16/2014 17:54:24 Error You have an error in your SQL syntax; check the manual that corresponds to your MySQL server version for the right syntax to use near 'ON DUPLICATE KEY UPDATE itemBid = VALUES(itemBid), lastUpdateTime = VALUES(lastU' at line 1    в MySql.Data.MySqlClient.MySqlStream.ReadPacket()
   в MySql.Data.MySqlClient.NativeDriver.GetResult(Int32& affectedRow, Int64& insertedId)
   в MySql.Data.MySqlClient.Driver.GetResult(Int32 statementId, Int32& affectedRows, Int64& insertedId)
   в MySql.Data.MySqlClient.Driver.NextResult(Int32 statementId, Boolean force)
   в MySql.Data.MySqlClient.MySqlDataReader.NextResult()
   в MySql.Data.MySqlClient.MySqlCommand.ExecuteReader(CommandBehavior behavior)
   в MySql.Data.MySqlClient.MySqlCommand.ExecuteNonQuery()
   в DAA.DwarAPI.scanItems() в d:\Programming\Projects\VSC#Projects\DAA\DAA\dwarAPI.cs:строка 292 22
10/16/2014 17:55:21 Trace Сканирование началось; ThreadID = 23
10/16/2014 17:55:24 Error You have an error in your SQL syntax; check the manual that corresponds to your MySQL server version for the right syntax to use near 'ON DUPLICATE KEY UPDATE itemBid = VALUES(itemBid), lastUpdateTime = VALUES(lastU' at line 1    в MySql.Data.MySqlClient.MySqlStream.ReadPacket()
   в MySql.Data.MySqlClient.NativeDriver.GetResult(Int32& affectedRow, Int64& insertedId)
   в MySql.Data.MySqlClient.Driver.GetResult(Int32 statementId, Int32& affectedRows, Int64& insertedId)
   в MySql.Data.MySqlClient.Driver.NextResult(Int32 statementId, Boolean force)
   в MySql.Data.MySqlClient.MySqlDataReader.NextResult()
   в MySql.Data.MySqlClient.MySqlCommand.ExecuteReader(CommandBehavior behavior)
   в MySql.Data.MySqlClient.MySqlCommand.ExecuteNonQuery()
   в DAA.DwarAPI.scanItems() в d:\Programming\Projects\VSC#Projects\DAA\DAA\dwarAPI.cs:строка 292 23
10/16/2014 17:56:21 Trace Сканирование началось; ThreadID = 24
10/16/2014 17:56:25 Error You have an error in your SQL syntax; check the manual that corresponds to your MySQL server version for the right syntax to use near 'ON DUPLICATE KEY UPDATE itemBid = VALUES(itemBid), lastUpdateTime = VALUES(lastU' at line 1    в MySql.Data.MySqlClient.MySqlStream.ReadPacket()
   в MySql.Data.MySqlClient.NativeDriver.GetResult(Int32& affectedRow, Int64& insertedId)
   в MySql.Data.MySqlClient.Driver.GetResult(Int32 statementId, Int32& affectedRows, Int64& insertedId)
   в MySql.Data.MySqlClient.Driver.NextResult(Int32 statementId, Boolean force)
   в MySql.Data.MySqlClient.MySqlDataReader.NextResult()
   в MySql.Data.MySqlClient.MySqlCommand.ExecuteReader(CommandBehavior behavior)
   в MySql.Data.MySqlClient.MySqlCommand.ExecuteNonQuery()
   в DAA.DwarAPI.scanItems() в d:\Programming\Projects\VSC#Projects\DAA\DAA\dwarAPI.cs:строка 292 24
10/16/2014 17:57:21 Trace Сканирование началось; ThreadID = 25
10/16/2014 17:57:25 Error You have an error in your SQL syntax; check the manual that corresponds to your MySQL server version for the right syntax to use near 'ON DUPLICATE KEY UPDATE itemBid = VALUES(itemBid), lastUpdateTime = VALUES(lastU' at line 1    в MySql.Data.MySqlClient.MySqlStream.ReadPacket()
   в MySql.Data.MySqlClient.NativeDriver.GetResult(Int32& affectedRow, Int64& insertedId)
   в MySql.Data.MySqlClient.Driver.GetResult(Int32 statementId, Int32& affectedRows, Int64& insertedId)
   в MySql.Data.MySqlClient.Driver.NextResult(Int32 statementId, Boolean force)
   в MySql.Data.MySqlClient.MySqlDataReader.NextResult()
   в MySql.Data.MySqlClient.MySqlCommand.ExecuteReader(CommandBehavior behavior)
   в MySql.Data.MySqlClient.MySqlCommand.ExecuteNonQuery()
   в DAA.DwarAPI.scanItems() в d:\Programming\Projects\VSC#Projects\DAA\DAA\dwarAPI.cs:строка 292 25
10/16/2014 17:58:21 Trace Сканирование началось; ThreadID = 26
10/16/2014 17:58:24 Error You have an error in your SQL syntax; check the manual that corresponds to your MySQL server version for the right syntax to use near 'ON DUPLICATE KEY UPDATE itemBid = VALUES(itemBid), lastUpdateTime = VALUES(lastU' at line 1    в MySql.Data.MySqlClient.MySqlStream.ReadPacket()
   в MySql.Data.MySqlClient.NativeDriver.GetResult(Int32& affectedRow, Int64& insertedId)
   в MySql.Data.MySqlClient.Driver.GetResult(Int32 statementId, Int32& affectedRows, Int64& insertedId)
   в MySql.Data.MySqlClient.Driver.NextResult(Int32 statementId, Boolean force)
   в MySql.Data.MySqlClient.MySqlDataReader.NextResult()
   в MySql.Data.MySqlClient.MySqlCommand.ExecuteReader(CommandBehavior behavior)
   в MySql.Data.MySqlClient.MySqlCommand.ExecuteNonQuery()
   в DAA.DwarAPI.scanItems() в d:\Programming\Projects\VSC#Projects\DAA\DAA\dwarAPI.cs:строка 292 26
10/16/2014 17:59:21 Trace Сканирование началось; ThreadID = 27
10/16/2014 17:59:25 Error You have an error in your SQL syntax; check the manual that corresponds to your MySQL server version for the right syntax to use near 'ON DUPLICATE KEY UPDATE itemBid = VALUES(itemBid), lastUpdateTime = VALUES(lastU' at line 1    в MySql.Data.MySqlClient.MySqlStream.ReadPacket()
   в MySql.Data.MySqlClient.NativeDriver.GetResult(Int32& affectedRow, Int64& insertedId)
   в MySql.Data.MySqlClient.Driver.GetResult(Int32 statementId, Int32& affectedRows, Int64& insertedId)
   в MySql.Data.MySqlClient.Driver.NextResult(Int32 statementId, Boolean force)
   в MySql.Data.MySqlClient.MySqlDataReader.NextResult()
   в MySql.Data.MySqlClient.MySqlCommand.ExecuteReader(CommandBehavior behavior)
   в MySql.Data.MySqlClient.MySqlCommand.ExecuteNonQuery()
   в DAA.DwarAPI.scanItems() в d:\Programming\Projects\VSC#Projects\DAA\DAA\dwarAPI.cs:строка 292 27
10/16/2014 18:00:21 Trace Сканирование началось; ThreadID = 28
10/16/2014 18:00:25 Error You have an error in your SQL syntax; check the manual that corresponds to your MySQL server version for the right syntax to use near 'ON DUPLICATE KEY UPDATE itemBid = VALUES(itemBid), lastUpdateTime = VALUES(lastU' at line 1    в MySql.Data.MySqlClient.MySqlStream.ReadPacket()
   в MySql.Data.MySqlClient.NativeDriver.GetResult(Int32& affectedRow, Int64& insertedId)
   в MySql.Data.MySqlClient.Driver.GetResult(Int32 statementId, Int32& affectedRows, Int64& insertedId)
   в MySql.Data.MySqlClient.Driver.NextResult(Int32 statementId, Boolean force)
   в MySql.Data.MySqlClient.MySqlDataReader.NextResult()
   в MySql.Data.MySqlClient.MySqlCommand.ExecuteReader(CommandBehavior behavior)
   в MySql.Data.MySqlClient.MySqlCommand.ExecuteNonQuery()
   в DAA.DwarAPI.scanItems() в d:\Programming\Projects\VSC#Projects\DAA\DAA\dwarAPI.cs:строка 292 28
10/16/2014 18:01:21 Trace Сканирование началось; ThreadID = 29
10/16/2014 18:01:25 Error You have an error in your SQL syntax; check the manual that corresponds to your MySQL server version for the right syntax to use near 'ON DUPLICATE KEY UPDATE itemBid = VALUES(itemBid), lastUpdateTime = VALUES(lastU' at line 1    в MySql.Data.MySqlClient.MySqlStream.ReadPacket()
   в MySql.Data.MySqlClient.NativeDriver.GetResult(Int32& affectedRow, Int64& insertedId)
   в MySql.Data.MySqlClient.Driver.GetResult(Int32 statementId, Int32& affectedRows, Int64& insertedId)
   в MySql.Data.MySqlClient.Driver.NextResult(Int32 statementId, Boolean force)
   в MySql.Data.MySqlClient.MySqlDataReader.NextResult()
   в MySql.Data.MySqlClient.MySqlCommand.ExecuteReader(CommandBehavior behavior)
   в MySql.Data.MySqlClient.MySqlCommand.ExecuteNonQuery()
   в DAA.DwarAPI.scanItems() в d:\Programming\Projects\VSC#Projects\DAA\DAA\dwarAPI.cs:строка 292 29
10/16/2014 18:02:21 Trace Сканирование началось; ThreadID = 30
10/16/2014 18:02:25 Error You have an error in your SQL syntax; check the manual that corresponds to your MySQL server version for the right syntax to use near 'ON DUPLICATE KEY UPDATE itemBid = VALUES(itemBid), lastUpdateTime = VALUES(lastU' at line 1    в MySql.Data.MySqlClient.MySqlStream.ReadPacket()
   в MySql.Data.MySqlClient.NativeDriver.GetResult(Int32& affectedRow, Int64& insertedId)
   в MySql.Data.MySqlClient.Driver.GetResult(Int32 statementId, Int32& affectedRows, Int64& insertedId)
   в MySql.Data.MySqlClient.Driver.NextResult(Int32 statementId, Boolean force)
   в MySql.Data.MySqlClient.MySqlDataReader.NextResult()
   в MySql.Data.MySqlClient.MySqlCommand.ExecuteReader(CommandBehavior behavior)
   в MySql.Data.MySqlClient.MySqlCommand.ExecuteNonQuery()
   в DAA.DwarAPI.scanItems() в d:\Programming\Projects\VSC#Projects\DAA\DAA\dwarAPI.cs:строка 292 30
10/16/2014 18:03:21 Trace Сканирование началось; ThreadID = 31
10/16/2014 18:03:25 Error You have an error in your SQL syntax; check the manual that corresponds to your MySQL server version for the right syntax to use near 'ON DUPLICATE KEY UPDATE itemBid = VALUES(itemBid), lastUpdateTime = VALUES(lastU' at line 1    в MySql.Data.MySqlClient.MySqlStream.ReadPacket()
   в MySql.Data.MySqlClient.NativeDriver.GetResult(Int32& affectedRow, Int64& insertedId)
   в MySql.Data.MySqlClient.Driver.GetResult(Int32 statementId, Int32& affectedRows, Int64& insertedId)
   в MySql.Data.MySqlClient.Driver.NextResult(Int32 statementId, Boolean force)
   в MySql.Data.MySqlClient.MySqlDataReader.NextResult()
   в MySql.Data.MySqlClient.MySqlCommand.ExecuteReader(CommandBehavior behavior)
   в MySql.Data.MySqlClient.MySqlCommand.ExecuteNonQuery()
   в DAA.DwarAPI.scanItems() в d:\Programming\Projects\VSC#Projects\DAA\DAA\dwarAPI.cs:строка 292 31
10/16/2014 18:04:21 Trace Сканирование началось; ThreadID = 32
10/16/2014 18:04:25 Error You have an error in your SQL syntax; check the manual that corresponds to your MySQL server version for the right syntax to use near 'ON DUPLICATE KEY UPDATE itemBid = VALUES(itemBid), lastUpdateTime = VALUES(lastU' at line 1    в MySql.Data.MySqlClient.MySqlStream.ReadPacket()
   в MySql.Data.MySqlClient.NativeDriver.GetResult(Int32& affectedRow, Int64& insertedId)
   в MySql.Data.MySqlClient.Driver.GetResult(Int32 statementId, Int32& affectedRows, Int64& insertedId)
   в MySql.Data.MySqlClient.Driver.NextResult(Int32 statementId, Boolean force)
   в MySql.Data.MySqlClient.MySqlDataReader.NextResult()
   в MySql.Data.MySqlClient.MySqlCommand.ExecuteReader(CommandBehavior behavior)
   в MySql.Data.MySqlClient.MySqlCommand.ExecuteNonQuery()
   в DAA.DwarAPI.scanItems() в d:\Programming\Projects\VSC#Projects\DAA\DAA\dwarAPI.cs:строка 292 32
10/16/2014 18:05:21 Trace Сканирование началось; ThreadID = 33
10/16/2014 18:05:27 Error You have an error in your SQL syntax; check the manual that corresponds to your MySQL server version for the right syntax to use near 'ON DUPLICATE KEY UPDATE itemBid = VALUES(itemBid), lastUpdateTime = VALUES(lastU' at line 1    в MySql.Data.MySqlClient.MySqlStream.ReadPacket()
   в MySql.Data.MySqlClient.NativeDriver.GetResult(Int32& affectedRow, Int64& insertedId)
   в MySql.Data.MySqlClient.Driver.GetResult(Int32 statementId, Int32& affectedRows, Int64& insertedId)
   в MySql.Data.MySqlClient.Driver.NextResult(Int32 statementId, Boolean force)
   в MySql.Data.MySqlClient.MySqlDataReader.NextResult()
   в MySql.Data.MySqlClient.MySqlCommand.ExecuteReader(CommandBehavior behavior)
   в MySql.Data.MySqlClient.MySqlCommand.ExecuteNonQuery()
   в DAA.DwarAPI.scanItems() в d:\Programming\Projects\VSC#Projects\DAA\DAA\dwarAPI.cs:строка 292 33
10/16/2014 18:06:21 Trace Сканирование началось; ThreadID = 34
10/16/2014 18:06:29 Error You have an error in your SQL syntax; check the manual that corresponds to your MySQL server version for the right syntax to use near 'ON DUPLICATE KEY UPDATE itemBid = VALUES(itemBid), lastUpdateTime = VALUES(lastU' at line 1    в MySql.Data.MySqlClient.MySqlStream.ReadPacket()
   в MySql.Data.MySqlClient.NativeDriver.GetResult(Int32& affectedRow, Int64& insertedId)
   в MySql.Data.MySqlClient.Driver.GetResult(Int32 statementId, Int32& affectedRows, Int64& insertedId)
   в MySql.Data.MySqlClient.Driver.NextResult(Int32 statementId, Boolean force)
   в MySql.Data.MySqlClient.MySqlDataReader.NextResult()
   в MySql.Data.MySqlClient.MySqlCommand.ExecuteReader(CommandBehavior behavior)
   в MySql.Data.MySqlClient.MySqlCommand.ExecuteNonQuery()
   в DAA.DwarAPI.scanItems() в d:\Programming\Projects\VSC#Projects\DAA\DAA\dwarAPI.cs:строка 292 34
10/16/2014 18:07:21 Trace Сканирование началось; ThreadID = 35
10/16/2014 18:07:27 Error You have an error in your SQL syntax; check the manual that corresponds to your MySQL server version for the right syntax to use near 'ON DUPLICATE KEY UPDATE itemBid = VALUES(itemBid), lastUpdateTime = VALUES(lastU' at line 1    в MySql.Data.MySqlClient.MySqlStream.ReadPacket()
   в MySql.Data.MySqlClient.NativeDriver.GetResult(Int32& affectedRow, Int64& insertedId)
   в MySql.Data.MySqlClient.Driver.GetResult(Int32 statementId, Int32& affectedRows, Int64& insertedId)
   в MySql.Data.MySqlClient.Driver.NextResult(Int32 statementId, Boolean force)
   в MySql.Data.MySqlClient.MySqlDataReader.NextResult()
   в MySql.Data.MySqlClient.MySqlCommand.ExecuteReader(CommandBehavior behavior)
   в MySql.Data.MySqlClient.MySqlCommand.ExecuteNonQuery()
   в DAA.DwarAPI.scanItems() в d:\Programming\Projects\VSC#Projects\DAA\DAA\dwarAPI.cs:строка 292 35
10/16/2014 18:08:21 Trace Сканирование началось; ThreadID = 36
10/16/2014 18:08:28 Error You have an error in your SQL syntax; check the manual that corresponds to your MySQL server version for the right syntax to use near 'ON DUPLICATE KEY UPDATE itemBid = VALUES(itemBid), lastUpdateTime = VALUES(lastU' at line 1    в MySql.Data.MySqlClient.MySqlStream.ReadPacket()
   в MySql.Data.MySqlClient.NativeDriver.GetResult(Int32& affectedRow, Int64& insertedId)
   в MySql.Data.MySqlClient.Driver.GetResult(Int32 statementId, Int32& affectedRows, Int64& insertedId)
   в MySql.Data.MySqlClient.Driver.NextResult(Int32 statementId, Boolean force)
   в MySql.Data.MySqlClient.MySqlDataReader.NextResult()
   в MySql.Data.MySqlClient.MySqlCommand.ExecuteReader(CommandBehavior behavior)
   в MySql.Data.MySqlClient.MySqlCommand.ExecuteNonQuery()
   в DAA.DwarAPI.scanItems() в d:\Programming\Projects\VSC#Projects\DAA\DAA\dwarAPI.cs:строка 292 36
10/16/2014 18:09:21 Trace Сканирование началось; ThreadID = 31
10/16/2014 18:09:27 Error You have an error in your SQL syntax; check the manual that corresponds to your MySQL server version for the right syntax to use near 'ON DUPLICATE KEY UPDATE itemBid = VALUES(itemBid), lastUpdateTime = VALUES(lastU' at line 1    в MySql.Data.MySqlClient.MySqlStream.ReadPacket()
   в MySql.Data.MySqlClient.NativeDriver.GetResult(Int32& affectedRow, Int64& insertedId)
   в MySql.Data.MySqlClient.Driver.GetResult(Int32 statementId, Int32& affectedRows, Int64& insertedId)
   в MySql.Data.MySqlClient.Driver.NextResult(Int32 statementId, Boolean force)
   в MySql.Data.MySqlClient.MySqlDataReader.NextResult()
   в MySql.Data.MySqlClient.MySqlCommand.ExecuteReader(CommandBehavior behavior)
   в MySql.Data.MySqlClient.MySqlCommand.ExecuteNonQuery()
   в DAA.DwarAPI.scanItems() в d:\Programming\Projects\VSC#Projects\DAA\DAA\dwarAPI.cs:строка 292 31
10/16/2014 18:10:21 Trace Сканирование началось; ThreadID = 32
10/16/2014 20:07:32 Trace Сканирование началось; ThreadID = 29
10/16/2014 20:07:33 Error Время ожидания операции истекло    в System.Net.HttpWebRequest.GetResponse()
   в DAA.DwarRequest.getRequest(String dwarUrl, CookieContainer& cookie, String dwarReferer) в d:\Programming\Projects\VSC#Projects\DAA\DAA\DwarRequest.cs:строка 31 32
10/16/2014 20:07:36 Error You have an error in your SQL syntax; check the manual that corresponds to your MySQL server version for the right syntax to use near 'ON DUPLICATE KEY UPDATE itemBid = VALUES(itemBid), lastUpdateTime = VALUES(lastU' at line 1    в MySql.Data.MySqlClient.MySqlStream.ReadPacket()
   в MySql.Data.MySqlClient.NativeDriver.GetResult(Int32& affectedRow, Int64& insertedId)
   в MySql.Data.MySqlClient.Driver.GetResult(Int32 statementId, Int32& affectedRows, Int64& insertedId)
   в MySql.Data.MySqlClient.Driver.NextResult(Int32 statementId, Boolean force)
   в MySql.Data.MySqlClient.MySqlDataReader.NextResult()
   в MySql.Data.MySqlClient.MySqlCommand.ExecuteReader(CommandBehavior behavior)
   в MySql.Data.MySqlClient.MySqlCommand.ExecuteNonQuery()
   в DAA.DwarAPI.scanItems() в d:\Programming\Projects\VSC#Projects\DAA\DAA\dwarAPI.cs:строка 292 32
10/16/2014 20:07:44 Error You have an error in your SQL syntax; check the manual that corresponds to your MySQL server version for the right syntax to use near 'ON DUPLICATE KEY UPDATE itemBid = VALUES(itemBid), lastUpdateTime = VALUES(lastU' at line 1    в MySql.Data.MySqlClient.MySqlStream.ReadPacket()
   в MySql.Data.MySqlClient.NativeDriver.GetResult(Int32& affectedRow, Int64& insertedId)
   в MySql.Data.MySqlClient.Driver.GetResult(Int32 statementId, Int32& affectedRows, Int64& insertedId)
   в MySql.Data.MySqlClient.Driver.NextResult(Int32 statementId, Boolean force)
   в MySql.Data.MySqlClient.MySqlDataReader.NextResult()
   в MySql.Data.MySqlClient.MySqlCommand.ExecuteReader(CommandBehavior behavior)
   в MySql.Data.MySqlClient.MySqlCommand.ExecuteNonQuery()
   в DAA.DwarAPI.scanItems() в d:\Programming\Projects\VSC#Projects\DAA\DAA\dwarAPI.cs:строка 292 29
10/16/2014 20:08:32 Trace Сканирование началось; ThreadID = 40
10/16/2014 20:08:42 Error You have an error in your SQL syntax; check the manual that corresponds to your MySQL server version for the right syntax to use near 'ON DUPLICATE KEY UPDATE itemBid = VALUES(itemBid), lastUpdateTime = VALUES(lastU' at line 1    в MySql.Data.MySqlClient.MySqlStream.ReadPacket()
   в MySql.Data.MySqlClient.NativeDriver.GetResult(Int32& affectedRow, Int64& insertedId)
   в MySql.Data.MySqlClient.Driver.GetResult(Int32 statementId, Int32& affectedRows, Int64& insertedId)
   в MySql.Data.MySqlClient.Driver.NextResult(Int32 statementId, Boolean force)
   в MySql.Data.MySqlClient.MySqlDataReader.NextResult()
   в MySql.Data.MySqlClient.MySqlCommand.ExecuteReader(CommandBehavior behavior)
   в MySql.Data.MySqlClient.MySqlCommand.ExecuteNonQuery()
   в DAA.DwarAPI.scanItems() в d:\Programming\Projects\VSC#Projects\DAA\DAA\dwarAPI.cs:строка 292 40
10/16/2014 20:09:04 Trace --------------------------------------------------------------------------------
10/16/2014 20:09:04 Trace Авторизация прошла успешно
10/16/2014 20:09:05 Trace Сканирование началось; ThreadID = 14
10/16/2014 20:09:11 Error MySql.Data.MySqlClient.MySqlException (0x80004005): You have an error in your SQL syntax; check the manual that corresponds to your MySQL server version for the right syntax to use near 'Дельвайса' AND buyedOut = '1' AND pricePerPiece <> '' AND TO_DAYS(NOW()' at line 1
   в MySql.Data.MySqlClient.MySqlStream.ReadPacket()
   в MySql.Data.MySqlClient.NativeDriver.GetResult(Int32& affectedRow, Int64& insertedId)
   в MySql.Data.MySqlClient.Driver.GetResult(Int32 statementId, Int32& affectedRows, Int64& insertedId)
   в MySql.Data.MySqlClient.Driver.NextResult(Int32 statementId, Boolean force)
   в MySql.Data.MySqlClient.MySqlDataReader.NextResult()
   в MySql.Data.MySqlClient.MySqlCommand.ExecuteReader(CommandBehavior behavior)
   в MySql.Data.MySqlClient.MySqlCommand.ExecuteReader()
   в DAA.Statistics.collectStatistics() в d:\Programming\Projects\VSC#Projects\DAA\DAA\Statistics.cs:строка 68 count=0
10/16/2014 20:32:38 Trace --------------------------------------------------------------------------------
10/16/2014 20:32:38 Trace Авторизация прошла успешно
10/16/2014 20:32:38 Trace Сканирование началось; ThreadID = 13
10/16/2014 20:32:45 Error MySql.Data.MySqlClient.MySqlException (0x80004005): You have an error in your SQL syntax; check the manual that corresponds to your MySQL server version for the right syntax to use near 'Дельвайса' AND buyedOut = '1' AND pricePerPiece <> '' AND TO_DAYS(NOW()' at line 1
   в MySql.Data.MySqlClient.MySqlStream.ReadPacket()
   в MySql.Data.MySqlClient.NativeDriver.GetResult(Int32& affectedRow, Int64& insertedId)
   в MySql.Data.MySqlClient.Driver.GetResult(Int32 statementId, Int32& affectedRows, Int64& insertedId)
   в MySql.Data.MySqlClient.Driver.NextResult(Int32 statementId, Boolean force)
   в MySql.Data.MySqlClient.MySqlDataReader.NextResult()
   в MySql.Data.MySqlClient.MySqlCommand.ExecuteReader(CommandBehavior behavior)
   в MySql.Data.MySqlClient.MySqlCommand.ExecuteReader()
   в DAA.Statistics.collectStatistics() в d:\Programming\Projects\VSC#Projects\DAA\DAA\Statistics.cs:строка 68 count=0
10/16/2014 20:37:06 Trace --------------------------------------------------------------------------------
10/16/2014 20:37:06 Trace Авторизация прошла успешно
10/16/2014 20:37:07 Trace Сканирование началось; ThreadID = 13
10/16/2014 20:38:07 Trace Сканирование началось; ThreadID = 16
10/16/2014 20:39:08 Trace Сканирование началось; ThreadID = 18
10/16/2014 20:40:07 Trace Сканирование началось; ThreadID = 12
10/16/2014 20:41:08 Trace Сканирование началось; ThreadID = 15
10/16/2014 20:41:39 Trace --------------------------------------------------------------------------------
10/16/2014 20:41:39 Trace Авторизация прошла успешно
10/16/2014 20:41:41 Trace Сканирование началось; ThreadID = 15
10/16/2014 20:42:41 Trace Сканирование началось; ThreadID = 17
10/16/2014 20:43:41 Trace Сканирование началось; ThreadID = 19
10/16/2014 20:44:41 Trace Сканирование началось; ThreadID = 18
10/16/2014 20:45:42 Trace Сканирование началось; ThreadID = 14
10/16/2014 20:46:45 Trace Сканирование началось; ThreadID = 20
10/16/2014 20:47:47 Trace Сканирование началось; ThreadID = 22
10/16/2014 20:48:47 Trace Сканирование началось; ThreadID = 21
10/16/2014 20:49:47 Trace Сканирование началось; ThreadID = 24
10/16/2014 20:50:48 Trace Сканирование началось; ThreadID = 25
10/16/2014 20:51:48 Trace Сканирование началось; ThreadID = 26
10/16/2014 20:52:49 Trace Сканирование началось; ThreadID = 27
10/16/2014 20:53:49 Trace Сканирование началось; ThreadID = 28
10/16/2014 20:54:50 Trace Сканирование началось; ThreadID = 29
10/16/2014 20:55:50 Trace Сканирование началось; ThreadID = 30
10/16/2014 20:56:50 Trace Сканирование началось; ThreadID = 31
10/16/2014 20:57:50 Trace Сканирование началось; ThreadID = 23
10/16/2014 20:58:51 Trace Сканирование началось; ThreadID = 33
10/16/2014 20:59:51 Trace Сканирование началось; ThreadID = 34
10/16/2014 21:00:15 Error Удаленный сервер возвратил ошибку: (400) Недопустимый запрос.    в System.Net.HttpWebRequest.GetResponse()
   в DAA.DwarRequest.getRequest(String dwarUrl, CookieContainer& cookie, String dwarReferer) в d:\Programming\Projects\VSC#Projects\DAA\DAA\DwarRequest.cs:строка 31 26
10/16/2014 21:00:22 Error Удаленный сервер возвратил ошибку: (400) Недопустимый запрос.    в System.Net.HttpWebRequest.GetResponse()
   в DAA.DwarRequest.getRequest(String dwarUrl, CookieContainer& cookie, String dwarReferer) в d:\Programming\Projects\VSC#Projects\DAA\DAA\DwarRequest.cs:строка 31 30
10/16/2014 21:00:51 Trace Сканирование началось; ThreadID = 35
10/16/2014 21:00:59 Trace Сканирование завершено; ThreadID = 15
10/16/2014 21:01:27 Error Удаленный сервер возвратил ошибку: (400) Недопустимый запрос.    в System.Net.HttpWebRequest.GetResponse()
   в DAA.DwarRequest.getRequest(String dwarUrl, CookieContainer& cookie, String dwarReferer) в d:\Programming\Projects\VSC#Projects\DAA\DAA\DwarRequest.cs:строка 31 30
10/16/2014 21:01:51 Trace Сканирование началось; ThreadID = 32
10/16/2014 21:02:17 Trace Сканирование завершено; ThreadID = 17
10/16/2014 21:02:52 Trace Сканирование началось; ThreadID = 17
10/16/2014 21:03:09 Error Удаленный сервер возвратил ошибку: (400) Недопустимый запрос.    в System.Net.HttpWebRequest.GetResponse()
   в DAA.DwarRequest.getRequest(String dwarUrl, CookieContainer& cookie, String dwarReferer) в d:\Programming\Projects\VSC#Projects\DAA\DAA\DwarRequest.cs:строка 31 17
10/16/2014 21:03:52 Trace Сканирование началось; ThreadID = 15
10/16/2014 21:04:44 Error Удаленный сервер возвратил ошибку: (400) Недопустимый запрос.    в System.Net.HttpWebRequest.GetResponse()
   в DAA.DwarRequest.getRequest(String dwarUrl, CookieContainer& cookie, String dwarReferer) в d:\Programming\Projects\VSC#Projects\DAA\DAA\DwarRequest.cs:строка 31 17
10/16/2014 21:04:52 Trace Сканирование началось; ThreadID = 37
10/16/2014 21:05:52 Trace Сканирование началось; ThreadID = 36
10/16/2014 21:06:53 Trace Сканирование началось; ThreadID = 39
10/16/2014 21:07:49 Trace Сканирование завершено; ThreadID = 19
10/16/2014 21:07:53 Trace Сканирование началось; ThreadID = 19
10/16/2014 21:08:42 Error Удаленный сервер возвратил ошибку: (400) Недопустимый запрос.    в System.Net.HttpWebRequest.GetResponse()
   в DAA.DwarRequest.getRequest(String dwarUrl, CookieContainer& cookie, String dwarReferer) в d:\Programming\Projects\VSC#Projects\DAA\DAA\DwarRequest.cs:строка 31 34
10/16/2014 21:08:54 Trace Сканирование началось; ThreadID = 40
10/16/2014 21:09:53 Trace Сканирование началось; ThreadID = 41
10/16/2014 21:10:54 Trace Сканирование началось; ThreadID = 38
10/16/2014 21:11:55 Trace Сканирование началось; ThreadID = 43
10/16/2014 21:41:21 Trace --------------------------------------------------------------------------------
10/16/2014 21:41:21 Trace Авторизация прошла успешно
10/16/2014 21:41:25 Trace Сканирование началось; ThreadID = 13
10/16/2014 21:42:25 Trace Сканирование началось; ThreadID = 16
10/16/2014 21:49:02 Trace --------------------------------------------------------------------------------
10/16/2014 21:49:02 Trace Авторизация прошла успешно
10/16/2014 21:49:04 Trace Сканирование началось; ThreadID = 13
10/16/2014 21:50:04 Trace Сканирование началось; ThreadID = 16
10/16/2014 21:51:04 Trace Сканирование началось; ThreadID = 18
10/16/2014 21:52:04 Trace Сканирование началось; ThreadID = 15
10/16/2014 21:53:04 Trace Сканирование началось; ThreadID = 20
10/16/2014 21:54:05 Trace Сканирование началось; ThreadID = 19
10/16/2014 21:55:05 Trace Сканирование началось; ThreadID = 22
10/16/2014 21:56:05 Trace Сканирование началось; ThreadID = 23
10/16/2014 21:57:06 Trace Сканирование началось; ThreadID = 24
10/16/2014 21:58:06 Trace Сканирование началось; ThreadID = 25
10/16/2014 21:59:07 Trace Сканирование началось; ThreadID = 12
10/16/2014 22:00:09 Trace Сканирование началось; ThreadID = 27
10/16/2014 22:01:10 Trace Сканирование началось; ThreadID = 28
10/16/2014 22:02:11 Trace Сканирование началось; ThreadID = 29
10/16/2014 22:03:11 Trace Сканирование началось; ThreadID = 30
10/16/2014 22:04:12 Trace Сканирование началось; ThreadID = 31
10/16/2014 22:05:12 Trace Сканирование началось; ThreadID = 32
10/16/2014 22:06:13 Trace Сканирование началось; ThreadID = 21
10/16/2014 22:07:13 Trace Сканирование началось; ThreadID = 34
10/16/2014 22:07:31 Trace Сканирование завершено; ThreadID = 13
10/16/2014 22:08:15 Trace Сканирование началось; ThreadID = 13
10/16/2014 22:09:15 Trace Сканирование началось; ThreadID = 35
10/16/2014 22:10:15 Trace Сканирование началось; ThreadID = 36
10/16/2014 22:11:17 Trace Сканирование началось; ThreadID = 37
10/16/2014 22:12:18 Trace Сканирование началось; ThreadID = 38
10/16/2014 22:13:18 Trace Сканирование началось; ThreadID = 39
10/16/2014 22:14:20 Trace Сканирование началось; ThreadID = 40
10/16/2014 22:14:39 Trace Сканирование завершено; ThreadID = 16
10/16/2014 22:15:19 Trace Сканирование началось; ThreadID = 16
10/16/2014 22:16:19 Trace Сканирование началось; ThreadID = 33
10/16/2014 22:17:21 Trace Сканирование началось; ThreadID = 42
10/16/2014 22:18:22 Trace Сканирование началось; ThreadID = 41
10/16/2014 22:19:21 Trace Сканирование началось; ThreadID = 44
10/16/2014 22:20:21 Trace Сканирование началось; ThreadID = 45
10/16/2014 22:22:06 Trace --------------------------------------------------------------------------------
10/16/2014 22:22:06 Trace Авторизация прошла успешно
10/16/2014 22:22:20 Trace Сканирование началось; ThreadID = 14
10/16/2014 22:24:13 Trace Сканирование началось; ThreadID = 18
10/16/2014 22:26:13 Trace Сканирование началось; ThreadID = 16
10/16/2014 22:28:14 Trace Сканирование началось; ThreadID = 19
10/16/2014 22:30:14 Trace Сканирование началось; ThreadID = 21
10/16/2014 22:32:14 Trace Сканирование началось; ThreadID = 13
10/16/2014 22:34:15 Trace Сканирование началось; ThreadID = 20
10/16/2014 22:36:16 Trace Сканирование началось; ThreadID = 24
10/16/2014 22:37:47 Trace Сканирование завершено; ThreadID = 14
10/16/2014 22:38:17 Trace Сканирование началось; ThreadID = 14
10/16/2014 22:40:17 Trace Сканирование началось; ThreadID = 25
10/16/2014 22:42:18 Trace Сканирование началось; ThreadID = 23
10/16/2014 22:44:19 Trace Сканирование началось; ThreadID = 27
10/16/2014 22:44:48 Trace Сканирование завершено; ThreadID = 16
10/16/2014 22:46:19 Trace Сканирование началось; ThreadID = 16
10/16/2014 22:47:07 Trace Сканирование завершено; ThreadID = 18
10/16/2014 22:50:58 Trace --------------------------------------------------------------------------------
10/16/2014 22:50:58 Trace Авторизация прошла успешно
10/16/2014 22:51:01 Trace Сканирование началось; ThreadID = 12
10/16/2014 22:53:01 Trace Сканирование началось; ThreadID = 15
10/16/2014 22:55:01 Trace Сканирование началось; ThreadID = 17
10/16/2014 22:56:21 Trace Сканирование завершено; ThreadID = 12
10/16/2014 22:57:01 Trace Сканирование началось; ThreadID = 12
10/16/2014 22:59:01 Trace Сканирование началось; ThreadID = 11
10/16/2014 22:59:02 Trace Сканирование завершено; ThreadID = 15
10/16/2014 23:01:01 Trace Сканирование началось; ThreadID = 15
10/16/2014 23:01:34 Trace Сканирование завершено; ThreadID = 17
10/16/2014 23:03:01 Trace Сканирование началось; ThreadID = 17
10/16/2014 23:05:01 Trace Сканирование началось; ThreadID = 14
10/16/2014 23:05:11 Trace Сканирование завершено; ThreadID = 12
10/16/2014 23:07:02 Trace Сканирование началось; ThreadID = 18
10/16/2014 23:07:46 Trace Сканирование завершено; ThreadID = 11
10/16/2014 23:08:33 Trace Сканирование завершено; ThreadID = 15
10/16/2014 23:09:02 Trace Сканирование началось; ThreadID = 15
10/16/2014 23:10:45 Trace Сканирование завершено; ThreadID = 17
10/16/2014 23:11:02 Trace Сканирование началось; ThreadID = 17
10/16/2014 23:13:02 Trace Сканирование началось; ThreadID = 19
10/16/2014 23:14:30 Trace Сканирование завершено; ThreadID = 14
10/16/2014 23:15:02 Trace Сканирование началось; ThreadID = 14
10/16/2014 23:15:17 Error Ссылка на объект не указывает на экземпляр объекта.    в DAA.DwarAPI.addItems(List`1 nodes, MySqlCommand command) в d:\Programming\Projects\VSC#Projects\DAA\DAA\dwarAPI.cs:строка 216
   в DAA.DwarAPI.scanItems() в d:\Programming\Projects\VSC#Projects\DAA\DAA\dwarAPI.cs:строка 286 17
10/16/2014 23:15:17 Error Ссылка на объект не указывает на экземпляр объекта.    в DAA.DwarAPI.addItems(List`1 nodes, MySqlCommand command) в d:\Programming\Projects\VSC#Projects\DAA\DAA\dwarAPI.cs:строка 216
   в DAA.DwarAPI.scanItems() в d:\Programming\Projects\VSC#Projects\DAA\DAA\dwarAPI.cs:строка 286 18
10/16/2014 23:15:18 Error Ссылка на объект не указывает на экземпляр объекта.    в DAA.DwarAPI.addItems(List`1 nodes, MySqlCommand command) в d:\Programming\Projects\VSC#Projects\DAA\DAA\dwarAPI.cs:строка 216
   в DAA.DwarAPI.scanItems() в d:\Programming\Projects\VSC#Projects\DAA\DAA\dwarAPI.cs:строка 286 19
10/16/2014 23:15:18 Error Ссылка на объект не указывает на экземпляр объекта.    в DAA.DwarAPI.addItems(List`1 nodes, MySqlCommand command) в d:\Programming\Projects\VSC#Projects\DAA\DAA\dwarAPI.cs:строка 216
   в DAA.DwarAPI.scanItems() в d:\Programming\Projects\VSC#Projects\DAA\DAA\dwarAPI.cs:строка 286 15
10/16/2014 23:15:25 Trace Сканирование завершено; ThreadID = 14
10/16/2014 23:17:02 Trace Сканирование началось; ThreadID = 16
10/16/2014 23:17:10 Error You have an error in your SQL syntax; check the manual that corresponds to your MySQL server version for the right syntax to use near 'ON DUPLICATE KEY UPDATE itemBid = VALUES(itemBid), lastUpdateTime = VALUES(lastU' at line 1    в MySql.Data.MySqlClient.MySqlStream.ReadPacket()
   в MySql.Data.MySqlClient.NativeDriver.GetResult(Int32& affectedRow, Int64& insertedId)
   в MySql.Data.MySqlClient.Driver.GetResult(Int32 statementId, Int32& affectedRows, Int64& insertedId)
   в MySql.Data.MySqlClient.Driver.NextResult(Int32 statementId, Boolean force)
   в MySql.Data.MySqlClient.MySqlDataReader.NextResult()
   в MySql.Data.MySqlClient.MySqlCommand.ExecuteReader(CommandBehavior behavior)
   в MySql.Data.MySqlClient.MySqlCommand.ExecuteNonQuery()
   в DAA.DwarAPI.scanItems() в d:\Programming\Projects\VSC#Projects\DAA\DAA\dwarAPI.cs:строка 292 16
10/16/2014 23:19:02 Trace Сканирование началось; ThreadID = 6
10/16/2014 23:19:13 Error You have an error in your SQL syntax; check the manual that corresponds to your MySQL server version for the right syntax to use near 'ON DUPLICATE KEY UPDATE itemBid = VALUES(itemBid), lastUpdateTime = VALUES(lastU' at line 1    в MySql.Data.MySqlClient.MySqlStream.ReadPacket()
   в MySql.Data.MySqlClient.NativeDriver.GetResult(Int32& affectedRow, Int64& insertedId)
   в MySql.Data.MySqlClient.Driver.GetResult(Int32 statementId, Int32& affectedRows, Int64& insertedId)
   в MySql.Data.MySqlClient.Driver.NextResult(Int32 statementId, Boolean force)
   в MySql.Data.MySqlClient.MySqlDataReader.NextResult()
   в MySql.Data.MySqlClient.MySqlCommand.ExecuteReader(CommandBehavior behavior)
   в MySql.Data.MySqlClient.MySqlCommand.ExecuteNonQuery()
   в DAA.DwarAPI.scanItems() в d:\Programming\Projects\VSC#Projects\DAA\DAA\dwarAPI.cs:строка 292 6
10/16/2014 23:21:02 Trace Сканирование началось; ThreadID = 11
10/16/2014 23:21:12 Error You have an error in your SQL syntax; check the manual that corresponds to your MySQL server version for the right syntax to use near 'ON DUPLICATE KEY UPDATE itemBid = VALUES(itemBid), lastUpdateTime = VALUES(lastU' at line 1    в MySql.Data.MySqlClient.MySqlStream.ReadPacket()
   в MySql.Data.MySqlClient.NativeDriver.GetResult(Int32& affectedRow, Int64& insertedId)
   в MySql.Data.MySqlClient.Driver.GetResult(Int32 statementId, Int32& affectedRows, Int64& insertedId)
   в MySql.Data.MySqlClient.Driver.NextResult(Int32 statementId, Boolean force)
   в MySql.Data.MySqlClient.MySqlDataReader.NextResult()
   в MySql.Data.MySqlClient.MySqlCommand.ExecuteReader(CommandBehavior behavior)
   в MySql.Data.MySqlClient.MySqlCommand.ExecuteNonQuery()
   в DAA.DwarAPI.scanItems() в d:\Programming\Projects\VSC#Projects\DAA\DAA\dwarAPI.cs:строка 292 11
10/16/2014 23:23:02 Trace Сканирование началось; ThreadID = 15
10/16/2014 23:23:12 Error You have an error in your SQL syntax; check the manual that corresponds to your MySQL server version for the right syntax to use near 'ON DUPLICATE KEY UPDATE itemBid = VALUES(itemBid), lastUpdateTime = VALUES(lastU' at line 1    в MySql.Data.MySqlClient.MySqlStream.ReadPacket()
   в MySql.Data.MySqlClient.NativeDriver.GetResult(Int32& affectedRow, Int64& insertedId)
   в MySql.Data.MySqlClient.Driver.GetResult(Int32 statementId, Int32& affectedRows, Int64& insertedId)
   в MySql.Data.MySqlClient.Driver.NextResult(Int32 statementId, Boolean force)
   в MySql.Data.MySqlClient.MySqlDataReader.NextResult()
   в MySql.Data.MySqlClient.MySqlCommand.ExecuteReader(CommandBehavior behavior)
   в MySql.Data.MySqlClient.MySqlCommand.ExecuteNonQuery()
   в DAA.DwarAPI.scanItems() в d:\Programming\Projects\VSC#Projects\DAA\DAA\dwarAPI.cs:строка 292 15
10/16/2014 23:25:02 Trace Сканирование началось; ThreadID = 19
10/16/2014 23:25:13 Error You have an error in your SQL syntax; check the manual that corresponds to your MySQL server version for the right syntax to use near 'ON DUPLICATE KEY UPDATE itemBid = VALUES(itemBid), lastUpdateTime = VALUES(lastU' at line 1    в MySql.Data.MySqlClient.MySqlStream.ReadPacket()
   в MySql.Data.MySqlClient.NativeDriver.GetResult(Int32& affectedRow, Int64& insertedId)
   в MySql.Data.MySqlClient.Driver.GetResult(Int32 statementId, Int32& affectedRows, Int64& insertedId)
   в MySql.Data.MySqlClient.Driver.NextResult(Int32 statementId, Boolean force)
   в MySql.Data.MySqlClient.MySqlDataReader.NextResult()
   в MySql.Data.MySqlClient.MySqlCommand.ExecuteReader(CommandBehavior behavior)
   в MySql.Data.MySqlClient.MySqlCommand.ExecuteNonQuery()
   в DAA.DwarAPI.scanItems() в d:\Programming\Projects\VSC#Projects\DAA\DAA\dwarAPI.cs:строка 292 19
10/16/2014 23:27:02 Trace Сканирование началось; ThreadID = 17
10/16/2014 23:27:12 Error You have an error in your SQL syntax; check the manual that corresponds to your MySQL server version for the right syntax to use near 'ON DUPLICATE KEY UPDATE itemBid = VALUES(itemBid), lastUpdateTime = VALUES(lastU' at line 1    в MySql.Data.MySqlClient.MySqlStream.ReadPacket()
   в MySql.Data.MySqlClient.NativeDriver.GetResult(Int32& affectedRow, Int64& insertedId)
   в MySql.Data.MySqlClient.Driver.GetResult(Int32 statementId, Int32& affectedRows, Int64& insertedId)
   в MySql.Data.MySqlClient.Driver.NextResult(Int32 statementId, Boolean force)
   в MySql.Data.MySqlClient.MySqlDataReader.NextResult()
   в MySql.Data.MySqlClient.MySqlCommand.ExecuteReader(CommandBehavior behavior)
   в MySql.Data.MySqlClient.MySqlCommand.ExecuteNonQuery()
   в DAA.DwarAPI.scanItems() в d:\Programming\Projects\VSC#Projects\DAA\DAA\dwarAPI.cs:строка 292 17
10/16/2014 23:29:02 Trace Сканирование началось; ThreadID = 14
10/16/2014 23:29:12 Error You have an error in your SQL syntax; check the manual that corresponds to your MySQL server version for the right syntax to use near 'ON DUPLICATE KEY UPDATE itemBid = VALUES(itemBid), lastUpdateTime = VALUES(lastU' at line 1    в MySql.Data.MySqlClient.MySqlStream.ReadPacket()
   в MySql.Data.MySqlClient.NativeDriver.GetResult(Int32& affectedRow, Int64& insertedId)
   в MySql.Data.MySqlClient.Driver.GetResult(Int32 statementId, Int32& affectedRows, Int64& insertedId)
   в MySql.Data.MySqlClient.Driver.NextResult(Int32 statementId, Boolean force)
   в MySql.Data.MySqlClient.MySqlDataReader.NextResult()
   в MySql.Data.MySqlClient.MySqlCommand.ExecuteReader(CommandBehavior behavior)
   в MySql.Data.MySqlClient.MySqlCommand.ExecuteNonQuery()
   в DAA.DwarAPI.scanItems() в d:\Programming\Projects\VSC#Projects\DAA\DAA\dwarAPI.cs:строка 292 14
10/16/2014 23:31:02 Trace Сканирование началось; ThreadID = 18
10/16/2014 23:31:13 Error You have an error in your SQL syntax; check the manual that corresponds to your MySQL server version for the right syntax to use near 'ON DUPLICATE KEY UPDATE itemBid = VALUES(itemBid), lastUpdateTime = VALUES(lastU' at line 1    в MySql.Data.MySqlClient.MySqlStream.ReadPacket()
   в MySql.Data.MySqlClient.NativeDriver.GetResult(Int32& affectedRow, Int64& insertedId)
   в MySql.Data.MySqlClient.Driver.GetResult(Int32 statementId, Int32& affectedRows, Int64& insertedId)
   в MySql.Data.MySqlClient.Driver.NextResult(Int32 statementId, Boolean force)
   в MySql.Data.MySqlClient.MySqlDataReader.NextResult()
   в MySql.Data.MySqlClient.MySqlCommand.ExecuteReader(CommandBehavior behavior)
   в MySql.Data.MySqlClient.MySqlCommand.ExecuteNonQuery()
   в DAA.DwarAPI.scanItems() в d:\Programming\Projects\VSC#Projects\DAA\DAA\dwarAPI.cs:строка 292 18
10/16/2014 23:33:02 Trace Сканирование началось; ThreadID = 21
10/16/2014 23:33:06 Error You have an error in your SQL syntax; check the manual that corresponds to your MySQL server version for the right syntax to use near 'ON DUPLICATE KEY UPDATE itemBid = VALUES(itemBid), lastUpdateTime = VALUES(lastU' at line 1    в MySql.Data.MySqlClient.MySqlStream.ReadPacket()
   в MySql.Data.MySqlClient.NativeDriver.GetResult(Int32& affectedRow, Int64& insertedId)
   в MySql.Data.MySqlClient.Driver.GetResult(Int32 statementId, Int32& affectedRows, Int64& insertedId)
   в MySql.Data.MySqlClient.Driver.NextResult(Int32 statementId, Boolean force)
   в MySql.Data.MySqlClient.MySqlDataReader.NextResult()
   в MySql.Data.MySqlClient.MySqlCommand.ExecuteReader(CommandBehavior behavior)
   в MySql.Data.MySqlClient.MySqlCommand.ExecuteNonQuery()
   в DAA.DwarAPI.scanItems() в d:\Programming\Projects\VSC#Projects\DAA\DAA\dwarAPI.cs:строка 292 21
10/16/2014 23:33:23 Trace Сканирование началось; ThreadID = 25
10/16/2014 23:33:25 Trace Сканирование началось; ThreadID = 29
10/16/2014 23:33:25 Trace Сканирование началось; ThreadID = 32
10/16/2014 23:33:25 Trace Сканирование началось; ThreadID = 12
10/16/2014 23:33:27 Error You have an error in your SQL syntax; check the manual that corresponds to your MySQL server version for the right syntax to use near 'ON DUPLICATE KEY UPDATE itemBid = VALUES(itemBid), lastUpdateTime = VALUES(lastU' at line 1    в MySql.Data.MySqlClient.MySqlStream.ReadPacket()
   в MySql.Data.MySqlClient.NativeDriver.GetResult(Int32& affectedRow, Int64& insertedId)
   в MySql.Data.MySqlClient.Driver.GetResult(Int32 statementId, Int32& affectedRows, Int64& insertedId)
   в MySql.Data.MySqlClient.Driver.NextResult(Int32 statementId, Boolean force)
   в MySql.Data.MySqlClient.MySqlDataReader.NextResult()
   в MySql.Data.MySqlClient.MySqlCommand.ExecuteReader(CommandBehavior behavior)
   в MySql.Data.MySqlClient.MySqlCommand.ExecuteNonQuery()
   в DAA.DwarAPI.scanItems() в d:\Programming\Projects\VSC#Projects\DAA\DAA\dwarAPI.cs:строка 292 25
10/16/2014 23:33:34 Error You have an error in your SQL syntax; check the manual that corresponds to your MySQL server version for the right syntax to use near 'ON DUPLICATE KEY UPDATE itemBid = VALUES(itemBid), lastUpdateTime = VALUES(lastU' at line 1    в MySql.Data.MySqlClient.MySqlStream.ReadPacket()
   в MySql.Data.MySqlClient.NativeDriver.GetResult(Int32& affectedRow, Int64& insertedId)
   в MySql.Data.MySqlClient.Driver.GetResult(Int32 statementId, Int32& affectedRows, Int64& insertedId)
   в MySql.Data.MySqlClient.Driver.NextResult(Int32 statementId, Boolean force)
   в MySql.Data.MySqlClient.MySqlDataReader.NextResult()
   в MySql.Data.MySqlClient.MySqlCommand.ExecuteReader(CommandBehavior behavior)
   в MySql.Data.MySqlClient.MySqlCommand.ExecuteNonQuery()
   в DAA.DwarAPI.scanItems() в d:\Programming\Projects\VSC#Projects\DAA\DAA\dwarAPI.cs:строка 292 32
10/16/2014 23:33:34 Error You have an error in your SQL syntax; check the manual that corresponds to your MySQL server version for the right syntax to use near 'ON DUPLICATE KEY UPDATE itemBid = VALUES(itemBid), lastUpdateTime = VALUES(lastU' at line 1    в MySql.Data.MySqlClient.MySqlStream.ReadPacket()
   в MySql.Data.MySqlClient.NativeDriver.GetResult(Int32& affectedRow, Int64& insertedId)
   в MySql.Data.MySqlClient.Driver.GetResult(Int32 statementId, Int32& affectedRows, Int64& insertedId)
   в MySql.Data.MySqlClient.Driver.NextResult(Int32 statementId, Boolean force)
   в MySql.Data.MySqlClient.MySqlDataReader.NextResult()
   в MySql.Data.MySqlClient.MySqlCommand.ExecuteReader(CommandBehavior behavior)
   в MySql.Data.MySqlClient.MySqlCommand.ExecuteNonQuery()
   в DAA.DwarAPI.scanItems() в d:\Programming\Projects\VSC#Projects\DAA\DAA\dwarAPI.cs:строка 292 29
10/16/2014 23:33:37 Error You have an error in your SQL syntax; check the manual that corresponds to your MySQL server version for the right syntax to use near 'ON DUPLICATE KEY UPDATE itemBid = VALUES(itemBid), lastUpdateTime = VALUES(lastU' at line 1    в MySql.Data.MySqlClient.MySqlStream.ReadPacket()
   в MySql.Data.MySqlClient.NativeDriver.GetResult(Int32& affectedRow, Int64& insertedId)
   в MySql.Data.MySqlClient.Driver.GetResult(Int32 statementId, Int32& affectedRows, Int64& insertedId)
   в MySql.Data.MySqlClient.Driver.NextResult(Int32 statementId, Boolean force)
   в MySql.Data.MySqlClient.MySqlDataReader.NextResult()
   в MySql.Data.MySqlClient.MySqlCommand.ExecuteReader(CommandBehavior behavior)
   в MySql.Data.MySqlClient.MySqlCommand.ExecuteNonQuery()
   в DAA.DwarAPI.scanItems() в d:\Programming\Projects\VSC#Projects\DAA\DAA\dwarAPI.cs:строка 292 12
10/16/2014 23:35:03 Trace Сканирование началось; ThreadID = 18
10/16/2014 23:35:26 Trace Сканирование началось; ThreadID = 17
10/16/2014 23:35:26 Trace Сканирование началось; ThreadID = 26
10/16/2014 23:35:27 Trace Сканирование началось; ThreadID = 19
10/16/2014 23:35:27 Trace Сканирование началось; ThreadID = 14
10/16/2014 23:35:39 Error Authentication to host 'localhost' for user 'root' using method 'mysql_native_password' failed with message: Reading from the stream has failed.    в MySql.Data.MySqlClient.Authentication.MySqlAuthenticationPlugin.AuthenticationFailed(Exception ex)
   в MySql.Data.MySqlClient.Authentication.MySqlAuthenticationPlugin.ReadPacket()
   в MySql.Data.MySqlClient.Authentication.MySqlAuthenticationPlugin.Authenticate(Boolean reset)
   в MySql.Data.MySqlClient.NativeDriver.Authenticate(String authMethod, Boolean reset)
   в MySql.Data.MySqlClient.NativeDriver.Open()
   в MySql.Data.MySqlClient.Driver.Open()
   в MySql.Data.MySqlClient.Driver.Create(MySqlConnectionStringBuilder settings)
   в MySql.Data.MySqlClient.MySqlConnection.Open()
   в DAA.DwarAPI.scanItems() в d:\Programming\Projects\VSC#Projects\DAA\DAA\dwarAPI.cs:строка 257 18
10/16/2014 23:35:44 Error You have an error in your SQL syntax; check the manual that corresponds to your MySQL server version for the right syntax to use near 'ON DUPLICATE KEY UPDATE itemBid = VALUES(itemBid), lastUpdateTime = VALUES(lastU' at line 1    в MySql.Data.MySqlClient.MySqlStream.ReadPacket()
   в MySql.Data.MySqlClient.NativeDriver.GetResult(Int32& affectedRow, Int64& insertedId)
   в MySql.Data.MySqlClient.Driver.GetResult(Int32 statementId, Int32& affectedRows, Int64& insertedId)
   в MySql.Data.MySqlClient.Driver.NextResult(Int32 statementId, Boolean force)
   в MySql.Data.MySqlClient.MySqlDataReader.NextResult()
   в MySql.Data.MySqlClient.MySqlCommand.ExecuteReader(CommandBehavior behavior)
   в MySql.Data.MySqlClient.MySqlCommand.ExecuteNonQuery()
   в DAA.DwarAPI.scanItems() в d:\Programming\Projects\VSC#Projects\DAA\DAA\dwarAPI.cs:строка 292 17
10/16/2014 23:35:44 Error Authentication to host 'localhost' for user 'root' using method 'mysql_native_password' failed with message: Reading from the stream has failed.    в MySql.Data.MySqlClient.Authentication.MySqlAuthenticationPlugin.AuthenticationFailed(Exception ex)
   в MySql.Data.MySqlClient.Authentication.MySqlAuthenticationPlugin.ReadPacket()
   в MySql.Data.MySqlClient.Authentication.MySqlAuthenticationPlugin.Authenticate(Boolean reset)
   в MySql.Data.MySqlClient.NativeDriver.Authenticate(String authMethod, Boolean reset)
   в MySql.Data.MySqlClient.NativeDriver.Open()
   в MySql.Data.MySqlClient.Driver.Open()
   в MySql.Data.MySqlClient.Driver.Create(MySqlConnectionStringBuilder settings)
   в MySql.Data.MySqlClient.MySqlConnection.Open()
   в DAA.DwarAPI.scanItems() в d:\Programming\Projects\VSC#Projects\DAA\DAA\dwarAPI.cs:строка 257 26
10/16/2014 23:35:50 Error You have an error in your SQL syntax; check the manual that corresponds to your MySQL server version for the right syntax to use near 'ON DUPLICATE KEY UPDATE itemBid = VALUES(itemBid), lastUpdateTime = VALUES(lastU' at line 1    в MySql.Data.MySqlClient.MySqlStream.ReadPacket()
   в MySql.Data.MySqlClient.NativeDriver.GetResult(Int32& affectedRow, Int64& insertedId)
   в MySql.Data.MySqlClient.Driver.GetResult(Int32 statementId, Int32& affectedRows, Int64& insertedId)
   в MySql.Data.MySqlClient.Driver.NextResult(Int32 statementId, Boolean force)
   в MySql.Data.MySqlClient.MySqlDataReader.NextResult()
   в MySql.Data.MySqlClient.MySqlCommand.ExecuteReader(CommandBehavior behavior)
   в MySql.Data.MySqlClient.MySqlCommand.ExecuteNonQuery()
   в DAA.DwarAPI.scanItems() в d:\Programming\Projects\VSC#Projects\DAA\DAA\dwarAPI.cs:строка 292 14
10/16/2014 23:35:50 Error You have an error in your SQL syntax; check the manual that corresponds to your MySQL server version for the right syntax to use near 'ON DUPLICATE KEY UPDATE itemBid = VALUES(itemBid), lastUpdateTime = VALUES(lastU' at line 1    в MySql.Data.MySqlClient.MySqlStream.ReadPacket()
   в MySql.Data.MySqlClient.NativeDriver.GetResult(Int32& affectedRow, Int64& insertedId)
   в MySql.Data.MySqlClient.Driver.GetResult(Int32 statementId, Int32& affectedRows, Int64& insertedId)
   в MySql.Data.MySqlClient.Driver.NextResult(Int32 statementId, Boolean force)
   в MySql.Data.MySqlClient.MySqlDataReader.NextResult()
   в MySql.Data.MySqlClient.MySqlCommand.ExecuteReader(CommandBehavior behavior)
   в MySql.Data.MySqlClient.MySqlCommand.ExecuteNonQuery()
   в DAA.DwarAPI.scanItems() в d:\Programming\Projects\VSC#Projects\DAA\DAA\dwarAPI.cs:строка 292 19
10/16/2014 23:36:03 Trace Сканирование началось; ThreadID = 21
10/16/2014 23:36:04 Trace Сканирование началось; ThreadID = 11
10/16/2014 23:36:30 Error MySql.Data.MySqlClient.MySqlException (0x80004005): Authentication to host 'localhost' for user 'root' using method 'mysql_native_password' failed with message: Reading from the stream has failed. ---> MySql.Data.MySqlClient.MySqlException (0x80004005): Reading from the stream has failed. ---> System.IO.IOException: Не удается прочитать данные из транспортного соединения: Программа на вашем хост-компьютере разорвала установленное подключение. ---> System.Net.Sockets.SocketException: Программа на вашем хост-компьютере разорвала установленное подключение
   в System.Net.Sockets.Socket.Receive(Byte[] buffer, Int32 offset, Int32 size, SocketFlags socketFlags)
   в System.Net.Sockets.NetworkStream.Read(Byte[] buffer, Int32 offset, Int32 size)
   --- Конец трассировки внутреннего стека исключений ---
   в MySql.Data.Common.MyNetworkStream.HandleOrRethrowException(Exception e)
   в MySql.Data.Common.MyNetworkStream.Read(Byte[] buffer, Int32 offset, Int32 count)
   в MySql.Data.MySqlClient.TimedStream.Read(Byte[] buffer, Int32 offset, Int32 count)
   в System.IO.BufferedStream.Read(Byte[] array, Int32 offset, Int32 count)
   в MySql.Data.MySqlClient.MySqlStream.ReadFully(Stream stream, Byte[] buffer, Int32 offset, Int32 count)
   в MySql.Data.MySqlClient.MySqlStream.LoadPacket()
   в MySql.Data.MySqlClient.MySqlStream.LoadPacket()
   в MySql.Data.MySqlClient.MySqlStream.ReadPacket()
   в MySql.Data.MySqlClient.Authentication.MySqlAuthenticationPlugin.ReadPacket()
   в MySql.Data.MySqlClient.Authentication.MySqlAuthenticationPlugin.AuthenticationFailed(Exception ex)
   в MySql.Data.MySqlClient.Authentication.MySqlAuthenticationPlugin.ReadPacket()
   в MySql.Data.MySqlClient.Authentication.MySqlAuthenticationPlugin.Authenticate(Boolean reset)
   в MySql.Data.MySqlClient.NativeDriver.Authenticate(String authMethod, Boolean reset)
   в MySql.Data.MySqlClient.NativeDriver.Open()
   в MySql.Data.MySqlClient.Driver.Open()
   в MySql.Data.MySqlClient.Driver.Create(MySqlConnectionStringBuilder settings)
   в MySql.Data.MySqlClient.MySqlConnection.Open()
   в DAA.Statistics.collectStatistics() в d:\Programming\Projects\VSC#Projects\DAA\DAA\Statistics.cs:строка 60 count=0
10/16/2014 23:36:35 Error MySql.Data.MySqlClient.MySqlException (0x80004005): Authentication to host 'localhost' for user 'root' using method 'mysql_native_password' failed with message: Reading from the stream has failed. ---> MySql.Data.MySqlClient.MySqlException (0x80004005): Reading from the stream has failed. ---> System.IO.IOException: Не удается прочитать данные из транспортного соединения: Программа на вашем хост-компьютере разорвала установленное подключение. ---> System.Net.Sockets.SocketException: Программа на вашем хост-компьютере разорвала установленное подключение
   в System.Net.Sockets.Socket.Receive(Byte[] buffer, Int32 offset, Int32 size, SocketFlags socketFlags)
   в System.Net.Sockets.NetworkStream.Read(Byte[] buffer, Int32 offset, Int32 size)
   --- Конец трассировки внутреннего стека исключений ---
   в MySql.Data.Common.MyNetworkStream.HandleOrRethrowException(Exception e)
   в MySql.Data.Common.MyNetworkStream.Read(Byte[] buffer, Int32 offset, Int32 count)
   в MySql.Data.MySqlClient.TimedStream.Read(Byte[] buffer, Int32 offset, Int32 count)
   в System.IO.BufferedStream.Read(Byte[] array, Int32 offset, Int32 count)
   в MySql.Data.MySqlClient.MySqlStream.ReadFully(Stream stream, Byte[] buffer, Int32 offset, Int32 count)
   в MySql.Data.MySqlClient.MySqlStream.LoadPacket()
   в MySql.Data.MySqlClient.MySqlStream.LoadPacket()
   в MySql.Data.MySqlClient.MySqlStream.ReadPacket()
   в MySql.Data.MySqlClient.Authentication.MySqlAuthenticationPlugin.ReadPacket()
   в MySql.Data.MySqlClient.Authentication.MySqlAuthenticationPlugin.AuthenticationFailed(Exception ex)
   в MySql.Data.MySqlClient.Authentication.MySqlAuthenticationPlugin.ReadPacket()
   в MySql.Data.MySqlClient.Authentication.MySqlAuthenticationPlugin.Authenticate(Boolean reset)
   в MySql.Data.MySqlClient.NativeDriver.Authenticate(String authMethod, Boolean reset)
   в MySql.Data.MySqlClient.NativeDriver.Open()
   в MySql.Data.MySqlClient.Driver.Open()
   в MySql.Data.MySqlClient.Driver.Create(MySqlConnectionStringBuilder settings)
   в MySql.Data.MySqlClient.MySqlConnection.Open()
   в DAA.Statistics.collectStatistics() в d:\Programming\Projects\VSC#Projects\DAA\DAA\Statistics.cs:строка 60 count=0
10/16/2014 23:36:35 Error Authentication to host 'localhost' for user 'root' using method 'mysql_native_password' failed with message: Reading from the stream has failed.    в MySql.Data.MySqlClient.Authentication.MySqlAuthenticationPlugin.AuthenticationFailed(Exception ex)
   в MySql.Data.MySqlClient.Authentication.MySqlAuthenticationPlugin.ReadPacket()
   в MySql.Data.MySqlClient.Authentication.MySqlAuthenticationPlugin.Authenticate(Boolean reset)
   в MySql.Data.MySqlClient.NativeDriver.Authenticate(String authMethod, Boolean reset)
   в MySql.Data.MySqlClient.NativeDriver.Open()
   в MySql.Data.MySqlClient.Driver.Open()
   в MySql.Data.MySqlClient.Driver.Create(MySqlConnectionStringBuilder settings)
   в MySql.Data.MySqlClient.MySqlConnection.Open()
   в DAA.DwarAPI.scanItems() в d:\Programming\Projects\VSC#Projects\DAA\DAA\dwarAPI.cs:строка 258 21
10/16/2014 23:36:35 Error Authentication to host 'localhost' for user 'root' using method 'mysql_native_password' failed with message: Reading from the stream has failed.    в MySql.Data.MySqlClient.Authentication.MySqlAuthenticationPlugin.AuthenticationFailed(Exception ex)
   в MySql.Data.MySqlClient.Authentication.MySqlAuthenticationPlugin.ReadPacket()
   в MySql.Data.MySqlClient.Authentication.MySqlAuthenticationPlugin.Authenticate(Boolean reset)
   в MySql.Data.MySqlClient.NativeDriver.Authenticate(String authMethod, Boolean reset)
   в MySql.Data.MySqlClient.NativeDriver.Open()
   в MySql.Data.MySqlClient.Driver.Open()
   в MySql.Data.MySqlClient.Driver.Create(MySqlConnectionStringBuilder settings)
   в MySql.Data.MySqlClient.MySqlConnection.Open()
   в DAA.DwarAPI.scanItems() в d:\Programming\Projects\VSC#Projects\DAA\DAA\dwarAPI.cs:строка 258 11
